<?xml version="1.0" encoding="UTF-8"?>
<testsuite name="Como cliente de automationpractice" tests="2" skipped="0" failures="2" errors="0" timestamp="2022-03-28T10:10:49" hostname="DESKTOP-1NGVHTM" time="37.278">
  <properties/>
  <testcase name="Ingreso de una problematica con los campos obligatorios." classname="Como cliente de automationpractice" time="12.655">
    <failure message="org.openqa.selenium.NoSuchElementException: no such element: Unable to locate element: {&quot;method&quot;:&quot;xpath&quot;,&quot;selector&quot;:&quot;//*[@id=&quot;contact-link&quot;]/a&quot;}&#10;  (Session info: chrome=99.0.4844.84)&#10;For documentation on this error, please visit: https://www.seleniumhq.org/exceptions/no_such_element.html&#10;Build info: version: '3.141.59', revision: 'e82be7d358', time: '2018-11-14T08:17:03'&#10;System info: host: 'DESKTOP-1NGVHTM', ip: '192.168.1.6', os.name: 'Windows 10', os.arch: 'amd64', os.version: '10.0', java.version: '11.0.8-internal'&#10;Driver info: org.openqa.selenium.chrome.ChromeDriver&#10;Capabilities {acceptInsecureCerts: false, browserName: chrome, browserVersion: 99.0.4844.84, chrome: {chromedriverVersion: 99.0.4844.51 (d537ec02474b5..., userDataDir: C:\Users\carlo\AppData\Loca...}, goog:chromeOptions: {debuggerAddress: localhost:63845}, javascriptEnabled: true, networkConnectionEnabled: false, pageLoadStrategy: normal, platform: WINDOWS, platformName: WINDOWS, proxy: Proxy(), setWindowRect: true, strictFileInteractability: false, timeouts: {implicit: 0, pageLoad: 300000, script: 30000}, unhandledPromptBehavior: dismiss and notify, webauthn:extension:credBlob: true, webauthn:extension:largeBlob: true, webauthn:virtualAuthenticators: true}&#10;Session ID: f4a88e5f7b3419067102448a15d1da13&#10;*** Element info: {Using=xpath, value=//*[@id=&quot;contact-link&quot;]/a}" type="org.openqa.selenium.NoSuchElementException">org.openqa.selenium.NoSuchElementException: no such element: Unable to locate element: {&quot;method&quot;:&quot;xpath&quot;,&quot;selector&quot;:&quot;//*[@id=&quot;contact-link&quot;]/a&quot;}
  (Session info: chrome=99.0.4844.84)
For documentation on this error, please visit: https://www.seleniumhq.org/exceptions/no_such_element.html
Build info: version: '3.141.59', revision: 'e82be7d358', time: '2018-11-14T08:17:03'
System info: host: 'DESKTOP-1NGVHTM', ip: '192.168.1.6', os.name: 'Windows 10', os.arch: 'amd64', os.version: '10.0', java.version: '11.0.8-internal'
Driver info: org.openqa.selenium.chrome.ChromeDriver
Capabilities {acceptInsecureCerts: false, browserName: chrome, browserVersion: 99.0.4844.84, chrome: {chromedriverVersion: 99.0.4844.51 (d537ec02474b5..., userDataDir: C:\Users\carlo\AppData\Loca...}, goog:chromeOptions: {debuggerAddress: localhost:63845}, javascriptEnabled: true, networkConnectionEnabled: false, pageLoadStrategy: normal, platform: WINDOWS, platformName: WINDOWS, proxy: Proxy(), setWindowRect: true, strictFileInteractability: false, timeouts: {implicit: 0, pageLoad: 300000, script: 30000}, unhandledPromptBehavior: dismiss and notify, webauthn:extension:credBlob: true, webauthn:extension:largeBlob: true, webauthn:virtualAuthenticators: true}
Session ID: f4a88e5f7b3419067102448a15d1da13
*** Element info: {Using=xpath, value=//*[@id=&quot;contact-link&quot;]/a}
	at java.base/jdk.internal.reflect.NativeConstructorAccessorImpl.newInstance0(Native Method)
	at java.base/jdk.internal.reflect.NativeConstructorAccessorImpl.newInstance(NativeConstructorAccessorImpl.java:62)
	at java.base/jdk.internal.reflect.DelegatingConstructorAccessorImpl.newInstance(DelegatingConstructorAccessorImpl.java:45)
	at java.base/java.lang.reflect.Constructor.newInstance(Constructor.java:490)
	at org.openqa.selenium.remote.http.W3CHttpResponseCodec.createException(W3CHttpResponseCodec.java:187)
	at org.openqa.selenium.remote.http.W3CHttpResponseCodec.decode(W3CHttpResponseCodec.java:122)
	at org.openqa.selenium.remote.http.W3CHttpResponseCodec.decode(W3CHttpResponseCodec.java:49)
	at org.openqa.selenium.remote.HttpCommandExecutor.execute(HttpCommandExecutor.java:158)
	at org.openqa.selenium.remote.service.DriverCommandExecutor.execute(DriverCommandExecutor.java:83)
	at org.openqa.selenium.remote.RemoteWebDriver.execute(RemoteWebDriver.java:552)
	at org.openqa.selenium.remote.RemoteWebDriver.findElement(RemoteWebDriver.java:323)
	at org.openqa.selenium.remote.RemoteWebDriver.findElementByXPath(RemoteWebDriver.java:428)
	at org.openqa.selenium.By$ByXPath.findElement(By.java:353)
	at org.openqa.selenium.remote.RemoteWebDriver.findElement(RemoteWebDriver.java:315)
	at net.thucydides.core.webdriver.WebDriverFacade.findElement(WebDriverFacade.java:222)
	at net.serenitybdd.core.pages.WebElementResolverByLocator.resolveForDriver(WebElementResolverByLocator.java:25)
	at net.serenitybdd.core.pages.WebElementFacadeImpl.getResolvedELement(WebElementFacadeImpl.java:234)
	at net.serenitybdd.core.pages.WebElementFacadeImpl.getElement(WebElementFacadeImpl.java:229)
	at net.thucydides.core.webdriver.javascript.JavascriptExecutorFacade.webElementOrPrimitiveTypeOf(JavascriptExecutorFacade.java:88)
	at net.thucydides.core.webdriver.javascript.JavascriptExecutorFacade.lambda$extractedWebElementsAndPrimitiveTypesFrom$0(JavascriptExecutorFacade.java:82)
	at java.base/java.util.stream.ReferencePipeline$3$1.accept(ReferencePipeline.java:195)
	at java.base/java.util.Spliterators$ArraySpliterator.forEachRemaining(Spliterators.java:948)
	at java.base/java.util.stream.AbstractPipeline.copyInto(AbstractPipeline.java:484)
	at java.base/java.util.stream.AbstractPipeline.wrapAndCopyInto(AbstractPipeline.java:474)
	at java.base/java.util.stream.ReduceOps$ReduceOp.evaluateSequential(ReduceOps.java:913)
	at java.base/java.util.stream.AbstractPipeline.evaluate(AbstractPipeline.java:234)
	at java.base/java.util.stream.ReferencePipeline.collect(ReferencePipeline.java:578)
	at net.thucydides.core.webdriver.javascript.JavascriptExecutorFacade.extractedWebElementsAndPrimitiveTypesFrom(JavascriptExecutorFacade.java:83)
	at net.thucydides.core.webdriver.javascript.JavascriptExecutorFacade.executeScript(JavascriptExecutorFacade.java:71)
	at net.serenitybdd.core.pages.PageObject.evaluateJavascript(PageObject.java:1205)
	at net.serenitybdd.screenplay.actions.ScrollTo.performScrollTo(ScrollTo.java:23)
	at net.serenitybdd.screenplay.actions.ScrollToTarget.performAs(ScrollToTarget.java:14)
	at net.serenitybdd.screenplay.Actor.performTask(Actor.java:248)
	at net.serenitybdd.screenplay.Actor.perform(Actor.java:229)
	at net.serenitybdd.screenplay.Actor.performWithoutReporting(Actor.java:213)
	at net.serenitybdd.screenplay.Actor.attemptsTo(Actor.java:173)
	at co.com.sofka.task.contactus.BrowseToContactUsForm.performAs(BrowseToContactUsForm.java:14)
	at co.com.sofka.task.contactus.BrowseToContactUsForm$ByteBuddy$lMmMeSui.performAs$accessor$pGBkSbAr(Unknown Source)
	at java.base/jdk.internal.reflect.NativeMethodAccessorImpl.invoke0(Native Method)
	at java.base/jdk.internal.reflect.NativeMethodAccessorImpl.invoke(NativeMethodAccessorImpl.java:62)
	at java.base/jdk.internal.reflect.DelegatingMethodAccessorImpl.invoke(DelegatingMethodAccessorImpl.java:43)
	at java.base/java.lang.reflect.Method.invoke(Method.java:566)
	at net.thucydides.core.steps.StepInterceptor.invokeMethod(StepInterceptor.java:488)
	at net.thucydides.core.steps.StepInterceptor.executeTestStepMethod(StepInterceptor.java:468)
	at net.thucydides.core.steps.StepInterceptor.runTestStep(StepInterceptor.java:441)
	at net.thucydides.core.steps.StepInterceptor.runOrSkipMethod(StepInterceptor.java:197)
	at net.thucydides.core.steps.StepInterceptor.testStepResult(StepInterceptor.java:184)
	at net.thucydides.core.steps.StepInterceptor.intercept(StepInterceptor.java:77)
	at net.thucydides.core.steps.ProxyConfiguration$InterceptorDispatcher.intercept(ProxyConfiguration.java:51)
	at co.com.sofka.task.contactus.BrowseToContactUsForm$ByteBuddy$lMmMeSui.performAs(Unknown Source)
	at net.serenitybdd.screenplay.Actor.performTask(Actor.java:248)
	at net.serenitybdd.screenplay.Actor.perform(Actor.java:229)
	at net.serenitybdd.screenplay.Actor.attemptsTo(Actor.java:175)
	at co.com.sofka.stepdefinition.contactus.ContactUsTestStepDefinition.elClienteNavegaYEntraALaOpcionDeContactanos(ContactUsTestStepDefinition.java:38)
	at ✽.el cliente navega y entra a la opcion de contactanos(file:///C:/Users/carlo/IdeaProjects/Retos/RetoSerenityBDDWebUI/src/test/resources/features/contactus/contactUs.feature:12)
</failure>
  </testcase>
  <testcase name=": Ingreso de una problematica con los campos obligatorios diligenciados menos el de mensaje." classname="Como cliente de automationpractice" time="24.623">
    <failure message="org.openqa.selenium.NoSuchElementException: no such element: Unable to locate element: {&quot;method&quot;:&quot;xpath&quot;,&quot;selector&quot;:&quot;/html/body/div/div[2]/div/div[3]/div/div/ol/li&quot;}&#10;  (Session info: chrome=99.0.4844.84)&#10;For documentation on this error, please visit: https://www.seleniumhq.org/exceptions/no_such_element.html&#10;Build info: version: '3.141.59', revision: 'e82be7d358', time: '2018-11-14T08:17:03'&#10;System info: host: 'DESKTOP-1NGVHTM', ip: '192.168.1.6', os.name: 'Windows 10', os.arch: 'amd64', os.version: '10.0', java.version: '11.0.8-internal'&#10;Driver info: org.openqa.selenium.chrome.ChromeDriver&#10;Capabilities {acceptInsecureCerts: false, browserName: chrome, browserVersion: 99.0.4844.84, chrome: {chromedriverVersion: 99.0.4844.51 (d537ec02474b5..., userDataDir: C:\Users\carlo\AppData\Loca...}, goog:chromeOptions: {debuggerAddress: localhost:63864}, javascriptEnabled: true, networkConnectionEnabled: false, pageLoadStrategy: normal, platform: WINDOWS, platformName: WINDOWS, proxy: Proxy(), setWindowRect: true, strictFileInteractability: false, timeouts: {implicit: 0, pageLoad: 300000, script: 30000}, unhandledPromptBehavior: dismiss and notify, webauthn:extension:credBlob: true, webauthn:extension:largeBlob: true, webauthn:virtualAuthenticators: true}&#10;Session ID: 78f54b0280573e86d62868fc1e830f63&#10;*** Element info: {Using=xpath, value=/html/body/div/div[2]/div/div[3]/div/div/ol/li}" type="org.openqa.selenium.NoSuchElementException">org.openqa.selenium.NoSuchElementException: no such element: Unable to locate element: {&quot;method&quot;:&quot;xpath&quot;,&quot;selector&quot;:&quot;/html/body/div/div[2]/div/div[3]/div/div/ol/li&quot;}
  (Session info: chrome=99.0.4844.84)
For documentation on this error, please visit: https://www.seleniumhq.org/exceptions/no_such_element.html
Build info: version: '3.141.59', revision: 'e82be7d358', time: '2018-11-14T08:17:03'
System info: host: 'DESKTOP-1NGVHTM', ip: '192.168.1.6', os.name: 'Windows 10', os.arch: 'amd64', os.version: '10.0', java.version: '11.0.8-internal'
Driver info: org.openqa.selenium.chrome.ChromeDriver
Capabilities {acceptInsecureCerts: false, browserName: chrome, browserVersion: 99.0.4844.84, chrome: {chromedriverVersion: 99.0.4844.51 (d537ec02474b5..., userDataDir: C:\Users\carlo\AppData\Loca...}, goog:chromeOptions: {debuggerAddress: localhost:63864}, javascriptEnabled: true, networkConnectionEnabled: false, pageLoadStrategy: normal, platform: WINDOWS, platformName: WINDOWS, proxy: Proxy(), setWindowRect: true, strictFileInteractability: false, timeouts: {implicit: 0, pageLoad: 300000, script: 30000}, unhandledPromptBehavior: dismiss and notify, webauthn:extension:credBlob: true, webauthn:extension:largeBlob: true, webauthn:virtualAuthenticators: true}
Session ID: 78f54b0280573e86d62868fc1e830f63
*** Element info: {Using=xpath, value=/html/body/div/div[2]/div/div[3]/div/div/ol/li}
	at java.base/jdk.internal.reflect.NativeConstructorAccessorImpl.newInstance0(Native Method)
	at java.base/jdk.internal.reflect.NativeConstructorAccessorImpl.newInstance(NativeConstructorAccessorImpl.java:62)
	at java.base/jdk.internal.reflect.DelegatingConstructorAccessorImpl.newInstance(DelegatingConstructorAccessorImpl.java:45)
	at java.base/java.lang.reflect.Constructor.newInstance(Constructor.java:490)
	at org.openqa.selenium.remote.http.W3CHttpResponseCodec.createException(W3CHttpResponseCodec.java:187)
	at org.openqa.selenium.remote.http.W3CHttpResponseCodec.decode(W3CHttpResponseCodec.java:122)
	at org.openqa.selenium.remote.http.W3CHttpResponseCodec.decode(W3CHttpResponseCodec.java:49)
	at org.openqa.selenium.remote.HttpCommandExecutor.execute(HttpCommandExecutor.java:158)
	at org.openqa.selenium.remote.service.DriverCommandExecutor.execute(DriverCommandExecutor.java:83)
	at org.openqa.selenium.remote.RemoteWebDriver.execute(RemoteWebDriver.java:552)
	at org.openqa.selenium.remote.RemoteWebDriver.findElement(RemoteWebDriver.java:323)
	at org.openqa.selenium.remote.RemoteWebDriver.findElementByXPath(RemoteWebDriver.java:428)
	at org.openqa.selenium.By$ByXPath.findElement(By.java:353)
	at org.openqa.selenium.remote.RemoteWebDriver.findElement(RemoteWebDriver.java:315)
	at net.thucydides.core.webdriver.WebDriverFacade.findElement(WebDriverFacade.java:222)
	at net.serenitybdd.core.pages.WebElementResolverByLocator.resolveForDriver(WebElementResolverByLocator.java:25)
	at net.serenitybdd.core.pages.WebElementFacadeImpl.getResolvedELement(WebElementFacadeImpl.java:234)
	at net.serenitybdd.core.pages.WebElementFacadeImpl.getElement(WebElementFacadeImpl.java:229)
	at net.serenitybdd.core.pages.WebElementFacadeImpl.getText(WebElementFacadeImpl.java:1117)
	at co.com.sofka.stepdefinition.contactus.ContactUsTestStepDefinition.compareInWithSystemOutcome(ContactUsTestStepDefinition.java:95)
	at co.com.sofka.stepdefinition.contactus.ContactUsTestStepDefinition.elSistemaDeberaMostrarEnPantallaUnMensajeDeErrorPidiendoQueSeEnvieUnMensaje(ContactUsTestStepDefinition.java:89)
	at ✽.el sistema debera mostrar en pantalla un mensaje de error pidiendo que se envie un mensaje(file:///C:/Users/carlo/IdeaProjects/Retos/RetoSerenityBDDWebUI/src/test/resources/features/contactus/contactUs.feature:29)
</failure>
  </testcase>
  <system-out><![CDATA[Step argument class io.cucumber.core.gherkin.vintage.GherkinVintageDataTableArgument
Step argument class io.cucumber.core.gherkin.vintage.GherkinVintageDataTableArgument
]]></system-out>
  <system-err><![CDATA[mar. 28, 2022 5:10:50 A. M. org.openqa.selenium.remote.DesiredCapabilities chrome
INFORMACIÓN: Using `new ChromeOptions()` is preferred to `DesiredCapabilities.chrome()`
Starting ChromeDriver 99.0.4844.51 (d537ec02474b5afe23684e7963d538896c63ac77-refs/branch-heads/4844@{#875}) on port 47368
Only local connections are allowed.
Please see https://chromedriver.chromium.org/security-considerations for suggestions on keeping ChromeDriver safe.
ChromeDriver was started successfully.
mar. 28, 2022 5:10:54 A. M. org.openqa.selenium.remote.ProtocolHandshake createSession
INFORMACIÓN: Detected dialect: W3C
mar. 28, 2022 5:11:02 A. M. org.openqa.selenium.remote.DesiredCapabilities chrome
INFORMACIÓN: Using `new ChromeOptions()` is preferred to `DesiredCapabilities.chrome()`
Starting ChromeDriver 99.0.4844.51 (d537ec02474b5afe23684e7963d538896c63ac77-refs/branch-heads/4844@{#875}) on port 14041
Only local connections are allowed.
Please see https://chromedriver.chromium.org/security-considerations for suggestions on keeping ChromeDriver safe.
ChromeDriver was started successfully.
mar. 28, 2022 5:11:04 A. M. org.openqa.selenium.remote.ProtocolHandshake createSession
INFORMACIÓN: Detected dialect: W3C
]]></system-err>
</testsuite>
